<?xml version="1.0" encoding="UTF-8"?>
<!-- Generated by org.testng.reporters.JUnitReportReporter -->
<testsuite hostname="WINDOWS-UNR7VLH" failures="0" tests="3" name="TestNGPrgms.DependsOnDemo" time="0.063" errors="0" timestamp="2023-04-04T13:36:54 IST" skipped="0">
  <testcase classname="TestNGPrgms.DependsOnDemo" name="logintest" time="0.051"/>
  <system-out/>
  <testcase classname="TestNGPrgms.DependsOnDemo" name="searchProductTest" time="0.007"/>
  <system-out/>
  <testcase classname="TestNGPrgms.DependsOnDemo" name="addToCartTest" time="0.005"/>
  <system-out/>
</testsuite> <!-- TestNGPrgms.DependsOnDemo -->
