<?xml version="1.0" encoding="UTF-8"?>
<!-- Generated by org.testng.reporters.JUnitReportReporter -->
<testsuite hostname="WINDOWS-UNR7VLH" failures="0" tests="1" name="TestNGPrgms.Amazon" time="0.050" errors="0" timestamp="2023-04-04T15:14:00 IST" skipped="0">
  <testcase classname="TestNGPrgms.Amazon" name="floginTest" time="0.050"/>
  <system-out/>
</testsuite> <!-- TestNGPrgms.Amazon -->
