<?xml version="1.0" encoding="UTF-8"?>
<!-- Generated by org.testng.reporters.JUnitReportReporter -->
<testsuite hostname="WINDOWS-UNR7VLH" failures="0" tests="1" name="TestNGPrgms.FirstTestNG" time="0.054" errors="0" timestamp="2023-04-04T10:12:26 IST" skipped="0">
  <testcase classname="TestNGPrgms.FirstTestNG" name="validateTest" time="0.054"/>
  <system-out/>
</testsuite> <!-- TestNGPrgms.FirstTestNG -->
