<?xml version="1.0" encoding="UTF-8"?>
<!-- Generated by org.testng.reporters.JUnitReportReporter -->
<testsuite hostname="WINDOWS-UNR7VLH" failures="0" tests="1" name="TestNGPrgms.flipKart" time="0.011" errors="0" timestamp="2023-04-04T15:14:00 IST" skipped="0">
  <testcase classname="TestNGPrgms.flipKart" name="floginTest" time="0.011"/>
  <system-out/>
</testsuite> <!-- TestNGPrgms.flipKart -->
