<?xml version="1.0" encoding="UTF-8"?>
<!-- Generated by org.testng.reporters.JUnitReportReporter -->
<testsuite hostname="WINDOWS-UNR7VLH" failures="0" tests="1" name="TestNGPrgms.MyContactForm" time="2.021" errors="0" timestamp="2023-04-04T12:26:58 IST" skipped="0">
  <testcase classname="TestNGPrgms.MyContactForm" name="validateLogintest" time="2.021"/>
  <system-out/>
</testsuite> <!-- TestNGPrgms.MyContactForm -->
