<?xml version="1.0" encoding="UTF-8"?>
<!-- Generated by org.testng.reporters.JUnitReportReporter -->
<testsuite hostname="WINDOWS-UNR7VLH" failures="0" tests="3" name="TestNGPrgms.EnableAttributeDemo" time="0.066" errors="0" timestamp="2023-04-04T13:51:32 IST" skipped="1">
  <testcase classname="TestNGPrgms.EnableAttributeDemo" name="loginValidation" time="0.056"/>
  <system-out/>
  <testcase classname="TestNGPrgms.EnableAttributeDemo" name="addToCart" time="0.010"/>
  <system-out/>
  <testcase classname="TestNGPrgms.EnableAttributeDemo" name="searchProduct">
    <skipped/>
  </testcase> <!-- searchProduct -->
  <system-out/>
</testsuite> <!-- TestNGPrgms.EnableAttributeDemo -->
